0 info it worked if it ends with ok
1 verbose cli [ '/Users/craigmacgregor/.nvm/versions/node/v4.8.4/bin/node',
1 verbose cli   '/Users/craigmacgregor/.nvm/versions/node/v4.8.4/bin/npm',
1 verbose cli   'run',
1 verbose cli   'package:win' ]
2 info using npm@2.15.11
3 info using node@v4.8.4
4 verbose run-script [ 'prepackage:win', 'package:win', 'postpackage:win' ]
5 info prepackage:win AESEncrypter@0.1.0
6 info package:win AESEncrypter@0.1.0
7 verbose unsafe-perm in lifecycle true
8 info AESEncrypter@0.1.0 Failed to exec package:win script
9 verbose stack Error: AESEncrypter@0.1.0 package:win: `electron-packager . --overwrite --platform=win32 --arch=ia32 --out=out`
9 verbose stack Exit status 1
9 verbose stack     at EventEmitter.<anonymous> (/Users/craigmacgregor/.nvm/versions/node/v4.8.4/lib/node_modules/npm/lib/utils/lifecycle.js:217:16)
9 verbose stack     at emitTwo (events.js:87:13)
9 verbose stack     at EventEmitter.emit (events.js:172:7)
9 verbose stack     at ChildProcess.<anonymous> (/Users/craigmacgregor/.nvm/versions/node/v4.8.4/lib/node_modules/npm/lib/utils/spawn.js:24:14)
9 verbose stack     at emitTwo (events.js:87:13)
9 verbose stack     at ChildProcess.emit (events.js:172:7)
9 verbose stack     at maybeClose (internal/child_process.js:862:16)
9 verbose stack     at Process.ChildProcess._handle.onexit (internal/child_process.js:222:5)
10 verbose pkgid AESEncrypter@0.1.0
11 verbose cwd /Users/craigmacgregor/Projects/aes-encrypter
12 error Darwin 17.2.0
13 error argv "/Users/craigmacgregor/.nvm/versions/node/v4.8.4/bin/node" "/Users/craigmacgregor/.nvm/versions/node/v4.8.4/bin/npm" "run" "package:win"
14 error node v4.8.4
15 error npm  v2.15.11
16 error code ELIFECYCLE
17 error AESEncrypter@0.1.0 package:win: `electron-packager . --overwrite --platform=win32 --arch=ia32 --out=out`
17 error Exit status 1
18 error Failed at the AESEncrypter@0.1.0 package:win script 'electron-packager . --overwrite --platform=win32 --arch=ia32 --out=out'.
18 error This is most likely a problem with the AESEncrypter package,
18 error not with npm itself.
18 error Tell the author that this fails on your system:
18 error     electron-packager . --overwrite --platform=win32 --arch=ia32 --out=out
18 error You can get information on how to open an issue for this project with:
18 error     npm bugs AESEncrypter
18 error Or if that isn't available, you can get their info via:
18 error
18 error     npm owner ls AESEncrypter
18 error There is likely additional logging output above.
19 verbose exit [ 1, true ]
